0 info it worked if it ends with ok
1 verbose cli [ '/Users/alejandro/.nvm/versions/node/v6.1.0/bin/node',
1 verbose cli   '/Users/alejandro/.nvm/versions/node/v6.1.0/bin/npm',
1 verbose cli   'run',
1 verbose cli   'test' ]
2 info using npm@3.8.6
3 info using node@v6.1.0
4 verbose run-script [ 'pretest', 'test', 'posttest' ]
5 info lifecycle share-repo@0.0.0~pretest: share-repo@0.0.0
6 silly lifecycle share-repo@0.0.0~pretest: no script for pretest, continuing
7 info lifecycle share-repo@0.0.0~test: share-repo@0.0.0
8 verbose lifecycle share-repo@0.0.0~test: unsafe-perm in lifecycle true
9 verbose lifecycle share-repo@0.0.0~test: PATH: /Users/alejandro/.nvm/versions/node/v6.1.0/lib/node_modules/npm/bin/node-gyp-bin:/Users/alejandro/chimp-trouble-shooting/node_modules/.bin:/Users/alejandro/.nvm/versions/node/v6.1.0/bin:/Users/alejandro/.nvm/versions/node/v6.1.0/bin:/Users/alejandro/android-sdk-macosx/tools:/Users/alejandro/android-sdk-macosx/platform-tools:/Users/alejandro/android-sdk-macosx/build-tools/23.0.1:/Users/alejandro/.rvm/gems/ruby-2.2.1/bin:/Users/alejandro/.rvm/gems/ruby-2.2.1@global/bin:/Users/alejandro/.rvm/rubies/ruby-2.2.1/bin:/usr/local/bin:/usr/bin:/bin:/usr/sbin:/sbin:/usr/local/bin/terraform:/Users/alejandro/.rvm/bin
10 verbose lifecycle share-repo@0.0.0~test: CWD: /Users/alejandro/chimp-trouble-shooting
11 silly lifecycle share-repo@0.0.0~test: Args: [ '-c', 'bash -c "./node_modules/.bin/chimp chimp.js --debug"' ]
12 silly lifecycle share-repo@0.0.0~test: Returned: code: 2  signal: null
13 info lifecycle share-repo@0.0.0~test: Failed to exec test script
14 verbose stack Error: share-repo@0.0.0 test: `bash -c "./node_modules/.bin/chimp chimp.js --debug"`
14 verbose stack Exit status 2
14 verbose stack     at EventEmitter.<anonymous> (/Users/alejandro/.nvm/versions/node/v6.1.0/lib/node_modules/npm/lib/utils/lifecycle.js:239:16)
14 verbose stack     at emitTwo (events.js:106:13)
14 verbose stack     at EventEmitter.emit (events.js:191:7)
14 verbose stack     at ChildProcess.<anonymous> (/Users/alejandro/.nvm/versions/node/v6.1.0/lib/node_modules/npm/lib/utils/spawn.js:24:14)
14 verbose stack     at emitTwo (events.js:106:13)
14 verbose stack     at ChildProcess.emit (events.js:191:7)
14 verbose stack     at maybeClose (internal/child_process.js:850:16)
14 verbose stack     at Process.ChildProcess._handle.onexit (internal/child_process.js:215:5)
15 verbose pkgid share-repo@0.0.0
16 verbose cwd /Users/alejandro/chimp-trouble-shooting
17 error Darwin 16.5.0
18 error argv "/Users/alejandro/.nvm/versions/node/v6.1.0/bin/node" "/Users/alejandro/.nvm/versions/node/v6.1.0/bin/npm" "run" "test"
19 error node v6.1.0
20 error npm  v3.8.6
21 error code ELIFECYCLE
22 error share-repo@0.0.0 test: `bash -c "./node_modules/.bin/chimp chimp.js --debug"`
22 error Exit status 2
23 error Failed at the share-repo@0.0.0 test script 'bash -c "./node_modules/.bin/chimp chimp.js --debug"'.
23 error Make sure you have the latest version of node.js and npm installed.
23 error If you do, this is most likely a problem with the share-repo package,
23 error not with npm itself.
23 error Tell the author that this fails on your system:
23 error     bash -c "./node_modules/.bin/chimp chimp.js --debug"
23 error You can get information on how to open an issue for this project with:
23 error     npm bugs share-repo
23 error Or if that isn't available, you can get their info via:
23 error     npm owner ls share-repo
23 error There is likely additional logging output above.
24 verbose exit [ 1, true ]
